<?xml version="1.0" encoding="UTF-8"?>
<testng-results ignored="0" total="4" passed="4" failed="0" skipped="0">
  <reporter-output>
  </reporter-output>
  <suite started-at="2024-04-08T18:42:42 EDT" name="Suite" finished-at="2024-04-08T18:44:56 EDT" duration-ms="133511">
    <groups>
      <group name="Smoke">
        <method signature="eCommerce_tc_2.FillForm(java.util.HashMap)[pri:0, instance:nnsomova.eCommerce_tc_2@177bea38]" name="FillForm" class="nnsomova.eCommerce_tc_2"/>
      </group> <!-- Smoke -->
    </groups>
    <test started-at="2024-04-08T18:42:42 EDT" name="End to end Framework Test" finished-at="2024-04-08T18:44:15 EDT" duration-ms="93023">
      <class name="nnsomova.eCommerce_tc_2">
        <test-method is-config="true" signature="configureAppium()[pri:0, instance:nnsomova.eCommerce_tc_2@177bea38]" started-at="2024-04-08T18:42:42 EDT" name="configureAppium" finished-at="2024-04-08T18:43:06 EDT" duration-ms="23981" status="PASS">
          <reporter-output>
          </reporter-output>
        </test-method> <!-- configureAppium -->
        <test-method is-config="true" signature="preSetup()[pri:0, instance:nnsomova.eCommerce_tc_2@177bea38]" started-at="2024-04-08T18:43:07 EDT" name="preSetup" finished-at="2024-04-08T18:43:08 EDT" duration-ms="1009" status="PASS">
          <reporter-output>
          </reporter-output>
        </test-method> <!-- preSetup -->
        <test-method signature="FillForm(java.util.HashMap)[pri:0, instance:nnsomova.eCommerce_tc_2@177bea38]" started-at="2024-04-08T18:43:08 EDT" name="FillForm" data-provider="getData" finished-at="2024-04-08T18:43:52 EDT" duration-ms="44005" status="PASS">
          <params>
            <param index="0">
              <value>
                <![CDATA[{name=Jane Doe, country=Canada, gender=female}]]>
              </value>
            </param>
          </params>
          <reporter-output>
          </reporter-output>
        </test-method> <!-- FillForm -->
        <test-method is-config="true" signature="preSetup()[pri:0, instance:nnsomova.eCommerce_tc_2@177bea38]" started-at="2024-04-08T18:43:52 EDT" name="preSetup" finished-at="2024-04-08T18:43:53 EDT" duration-ms="454" status="PASS">
          <reporter-output>
          </reporter-output>
        </test-method> <!-- preSetup -->
        <test-method signature="FillForm(java.util.HashMap)[pri:0, instance:nnsomova.eCommerce_tc_2@177bea38]" started-at="2024-04-08T18:43:53 EDT" name="FillForm" data-provider="getData" finished-at="2024-04-08T18:44:14 EDT" duration-ms="21200" status="PASS">
          <params>
            <param index="0">
              <value>
                <![CDATA[{name=John Doe, country=Argentina, gender=male}]]>
              </value>
            </param>
          </params>
          <reporter-output>
          </reporter-output>
        </test-method> <!-- FillForm -->
        <test-method is-config="true" signature="tearDown()[pri:0, instance:nnsomova.eCommerce_tc_2@177bea38]" started-at="2024-04-08T18:44:14 EDT" name="tearDown" finished-at="2024-04-08T18:44:15 EDT" duration-ms="1343" status="PASS">
          <reporter-output>
          </reporter-output>
        </test-method> <!-- tearDown -->
      </class> <!-- nnsomova.eCommerce_tc_2 -->
    </test> <!-- End to end Framework Test -->
    <test started-at="2024-04-08T18:44:16 EDT" name="Error Validations Test" finished-at="2024-04-08T18:44:56 EDT" duration-ms="39374">
      <class name="nnsomova.eCommerce_tc_1">
        <test-method is-config="true" signature="configureAppium()[pri:0, instance:nnsomova.eCommerce_tc_1@71c27ee8]" started-at="2024-04-08T18:44:16 EDT" name="configureAppium" finished-at="2024-04-08T18:44:30 EDT" duration-ms="14065" status="PASS">
          <reporter-output>
          </reporter-output>
        </test-method> <!-- configureAppium -->
        <test-method is-config="true" signature="preSetup()[pri:0, instance:nnsomova.eCommerce_tc_1@71c27ee8]" started-at="2024-04-08T18:44:30 EDT" name="preSetup" finished-at="2024-04-08T18:44:31 EDT" duration-ms="173" status="PASS">
          <reporter-output>
          </reporter-output>
        </test-method> <!-- preSetup -->
        <test-method signature="FillForm(java.util.HashMap)[pri:0, instance:nnsomova.eCommerce_tc_1@71c27ee8]" started-at="2024-04-08T18:44:31 EDT" name="FillForm" data-provider="getData" finished-at="2024-04-08T18:44:49 EDT" duration-ms="18200" status="PASS">
          <params>
            <param index="0">
              <value>
                <![CDATA[{name=Jane Doe, country=Canada, gender=female}]]>
              </value>
            </param>
          </params>
          <reporter-output>
          </reporter-output>
        </test-method> <!-- FillForm -->
        <test-method is-config="true" signature="preSetup()[pri:0, instance:nnsomova.eCommerce_tc_1@71c27ee8]" started-at="2024-04-08T18:44:49 EDT" name="preSetup" finished-at="2024-04-08T18:44:49 EDT" duration-ms="236" status="PASS">
          <reporter-output>
          </reporter-output>
        </test-method> <!-- preSetup -->
        <test-method signature="FillForm(java.util.HashMap)[pri:0, instance:nnsomova.eCommerce_tc_1@71c27ee8]" started-at="2024-04-08T18:44:49 EDT" name="FillForm" data-provider="getData" finished-at="2024-04-08T18:44:55 EDT" duration-ms="5675" status="PASS">
          <params>
            <param index="0">
              <value>
                <![CDATA[{name=John Doe, country=Argentina, gender=male}]]>
              </value>
            </param>
          </params>
          <reporter-output>
          </reporter-output>
        </test-method> <!-- FillForm -->
        <test-method is-config="true" signature="tearDown()[pri:0, instance:nnsomova.eCommerce_tc_1@71c27ee8]" started-at="2024-04-08T18:44:55 EDT" name="tearDown" finished-at="2024-04-08T18:44:56 EDT" duration-ms="927" status="PASS">
          <reporter-output>
          </reporter-output>
        </test-method> <!-- tearDown -->
      </class> <!-- nnsomova.eCommerce_tc_1 -->
    </test> <!-- Error Validations Test -->
  </suite> <!-- Suite -->
</testng-results>
