<?xml version="1.0" encoding="UTF-8"?>
<testsuite xmlns:xsi="http://www.w3.org/2001/XMLSchema-instance" xsi:noNamespaceSchemaLocation="https://maven.apache.org/surefire/maven-surefire-plugin/xsd/surefire-test-report-3.0.xsd" version="3.0" name="TestSuite" time="135.572" tests="4" errors="0" skipped="0" failures="0">
  <properties>
[...]
</properties>
  <testcase name="FillForm[{name=Jane Doe, country=Canada, gender=female}](1)" classname="nnsomova.eCommerce_tc_2" time="43.67"/>
  <testcase name="FillForm[{name=John Doe, country=Argentina, gender=male}](2)" classname="nnsomova.eCommerce_tc_2" time="21.286"/>
  <testcase name="FillForm[{name=Jane Doe, country=Canada, gender=female}](1)" classname="nnsomova.eCommerce_tc_1" time="18.178"/>
  <testcase name="FillForm[{name=John Doe, country=Argentina, gender=male}](2)" classname="nnsomova.eCommerce_tc_1" time="5.68"/>
</testsuite>